Server send:Welcome to Heart games ! Please, input username:
Server receive:Username-NPC_3
Server send:NPC_3 0 0-should click 'ACCEPT' to start game
Server receive:Accept
Server send:Waiting to devide card
Server receive:Devide card
Server send:Card3Cards-7 3 7 2 12 0 12 3 9 0 12 2 6 0 8 2 6 2 4 3 13 1 8 3 4 1-NPC_1 NPC_3 NPC_2 5454
Server receive:SttPlay3Cards-12 0 13 1 12 3
Server send:STTPlay-2-Exchange card-13 0 14 2 13 3
Server send:Card played-2 1-1 0
Server send:Card played-8 0-2 0
Server receive:Card played-13 0
Server send:Card played-13 0-3 0
Server send:Card played-8 1-3 0-None win points-3-3 0 0 1 1 2 2 3
Server send:Card played-12 0-1 0
Server send:Card played-10 0-2 0
Server send:Card played-8 0-3 0
Server receive:Card played-6 0
Server send:Card played-6 0-3 0-winpoint-0 3 13-0 0 1 1 2 2 3 3
Server send:Card played-3 0-1 0
Server send:Card played-10 0-2 0
Server send:Card played-8 0-3 0
Server receive:Card played-4 1
Server send:Card played-4 1-3 0-None win points-1-1 0 2 1 3 2 0 3
Server send:Card played-2 3-1 0
Server send:Card played-14 3-2 0
Server receive:Card played-9 0
Server send:Card played-9 0-3 0
Server send:Card played-5 3-3 0-winpoint-1 2 3-1 0 2 1 3 2 0 3
Server send:Card played-2 2-1 0
Server receive:Card played-4 1
Server send:Card played-4 1-2 0
Server send:Card played-5 2-3 0
Server send:Card played-11 2-3 0-None win points-3-3 0 0 1 1 2 2 3
Server send:Card played-2 3-1 0
Server send:Card played-14 3-2 0
Server receive:Card played-13 3
Server send:Card played-13 3-3 0
Server send:Card played-12 3-3 0-winpoint-1 2 4-1 0 2 1 3 2 0 3
Server send:Card played-2 2-1 0
Server receive:Card played-14 2
Server send:Card played-14 2-2 0
Server send:Card played-13 2-3 0
Server send:Card played-10 3-3 1-winpoint-1 1 1-1 0 2 1 3 2 0 3
Server receive:Card played-13 3
Server send:Card played-13 3-1 1
Server send:Card played-7 0-2 1
Server send:Card played-2 3-3 1
Server send:Card played-3 3-3 1-winpoint-0 1 3-0 0 1 1 2 2 3 3
Server receive:Card played-14 2
Server send:Card played-14 2-1 1
Server send:Card played-11 0-2 1
