Server send:Welcome to Heart games ! Please, input username:
Server receive:Username-NPC_2
Server send:NPC_2 2 1-should click 'ACCEPT' to start game
Server receive:Accept
Server send:Waiting to devide card
Server receive:Devide card
Server send:Card3Cards-3 2 9 0 11 2 8 2 7 1 13 1 3 3 8 0 14 1 5 2 12 3 2 2 11 1-NPC_1 NPC_2 122333 2424
Server receive:SttPlay3Cards-14 1 13 1 12 3
Server send:STTPlay-3-Exchange card-13 0 14 2 12 2
Server send:Card played-2 1-1 0
Server send:Card played-3 1-2 0
Server send:Card played-14 0-3 0
Server receive:Card played-13 0
Server send:Card played-13 0-3 0-None win points-1-1 0 2 1 3 2 0 3
Server send:Card played-4 0-1 0
Server send:Card played-11 0-2 0
Server receive:Card played-2 2
Server send:Card played-2 2-3 0
Server send:Card played-12 0-3 0-winpoint-3 2 13-3 0 0 1 1 2 2 3
Server send:Card played-8 1-1 0
Server send:Card played-10 1-2 0
Server send:Card played-12 1-3 0
Server receive:Card played-9 0
Server send:Card played-9 0-3 0-None win points-2-2 0 3 1 0 2 1 3
Server send:Card played-4 3-1 0
Server receive:Card played-7 1
Server send:Card played-7 1-2 0
Server send:Card played-12 3-3 0
Server send:Card played-7 3-3 0-winpoint-2 2 3-2 0 3 1 0 2 1 3
Server send:Card played-13 1-1 0
Server send:Card played-13 3-2 1
Server send:Card played-9 1-3 1
Server receive:Card played-3 3
Server send:Card played-3 3-3 1-winpoint-0 2 2-0 0 1 1 2 2 3 3
Server send:Card played-6 2-1 1
Server send:Card played-9 2-2 1
Server send:Card played-7 2-3 1
Server receive:Card played-14 2
Server send:Card played-14 2-3 1-None win points-3-3 0 0 1 1 2 2 3
Server receive:Card played-11 1
Server send:Card played-11 1-1 1
Server send:Card played-4 1-2 1
Server send:Card played-2 0-3 1
Server send:Card played-5 1-3 1-None win points-0-0 0 1 1 2 2 3 3
Server receive:Card played-3 2
Server send:Card played-3 2-1 1
Server send:Card played-4 2-2 1
Server send:Card played-3 0-3 1
Server send:Card played-6 1-3 1-None win points-1-1 0 2 1 3 2 0 3
Server send:Card played-14 1-1 1
Server send:Card played-5 0-2 1
Server send:Card played-10 0-3 1
Server receive:Card played-5 2
Server send:Card played-5 2-3 1-None win points-0-0 0 1 1 2 2 3 3
Server send:Card played-10 2-1 1
Server send:Card played-5 3-2 1
Server send:Card played-6 3-3 1
Server receive:Card played-8 2
Server send:Card played-8 2-3 1-winpoint-0 2 2-0 0 1 1 2 2 3 3
Server send:Card played-13 2-1 1
Server send:Card played-6 0-2 1
Server send:Card played-8 3-3 1
Server receive:Card played-8 0
Server send:Card played-8 0-3 1-winpoint-0 2 1-0 0 1 1 2 2 3 3
Server send:Card played-11 3-1 1
Server send:Card played-2 3-2 1
Server send:Card played-9 3-3 1
Server receive:Card played-12 2
Server send:Card played-12 2-3 1-winpoint-0 2 3-0 0 1 1 2 2 3 3
Server send:Card played-14 3-1 1
Server send:Card played-10 3-2 1
Server send:Card played-7 0-3 1
Server receive:Card played-11 2
Server send:Card played-11 2-3 1-winpoint-0 2 2-0 0 1 1 2 2 3 3
