-------------------------
Receive:Welcome to Heart games ! Please, input username:
Send:Username-NPC_2
Send:Username-NPC_2
Receive:NPC_2 2 1-should click 'ACCEPT' to start game
Send:Accept
Send:Accept
Receive:Waiting to devide card
Send:Devide card
Send:Devide card
Receive:Card3Cards-3 2 9 0 11 2 8 2 7 1 13 1 3 3 8 0 14 1 5 2 12 3 2 2 11 1-NPC_1 NPC_2 122333 2424
Send:SttPlay3Cards-14 1 13 1 12 3
Send:SttPlay3Cards-14 1 13 1 12 3
Receive:STTPlay-3-Exchange card-13 0 14 2 12 2
Starter Stt:3
Receive:Card played-2 1-1 0
solve.play('Card played-2 1-1 0');
Current Stt:3
result.get(0)=:-1
Receive:Card played-3 1-2 0
solve.play('Card played-3 1-2 0');
Current Stt:3
result.get(0)=:-1
Receive:Card played-14 0-3 0
solve.play('Card played-14 0-3 0');
Current Stt:3
result.get(0)=:0
Send:Card played-13 0
Send:Card played-13 0
Receive:Card played-13 0-3 0-None win points-1-1 0 2 1 3 2 0 3
solve.play('Card played-13 0-3 0-None win points-1-1 0 2 1 3 2 0 3');
Current Stt:3
result.get(0)=:0
Send:Card played-2 2
Send:Card played-2 2
Receive:Card played-4 0-1 0
solve.play('Card played-4 0-1 0');
Current Stt:2
result.get(0)=:-1
Receive:Card played-11 0-2 0
solve.play('Card played-11 0-2 0');
Current Stt:2
result.get(0)=:0
Send:Card played-9 0
Send:Card played-9 0
Receive:Card played-2 2-3 0
solve.play('Card played-2 2-3 0');
Current Stt:2
result.get(0)=:-1
Receive:Card played-12 0-3 0-winpoint-3 2 13-3 0 0 1 1 2 2 3
solve.play('Card played-12 0-3 0-winpoint-3 2 13-3 0 0 1 1 2 2 3');
Current Stt:2
result.get(0)=:-1
Receive:Card played-8 1-1 0
solve.play('Card played-8 1-1 0');
Current Stt:3
result.get(0)=:-1
Receive:Card played-10 1-2 0
solve.play('Card played-10 1-2 0');
Current Stt:3
result.get(0)=:-1
Receive:Card played-12 1-3 0
solve.play('Card played-12 1-3 0');
Current Stt:3
result.get(0)=:0
Send:Card played-7 1
Send:Card played-7 1
Receive:Card played-9 0-3 0-None win points-2-2 0 3 1 0 2 1 3
solve.play('Card played-9 0-3 0-None win points-2-2 0 3 1 0 2 1 3');
Current Stt:3
result.get(0)=:0
Send:Card played-3 3
Send:Card played-3 3
Receive:Card played-4 3-1 0
solve.play('Card played-4 3-1 0');
Current Stt:1
result.get(0)=:0
Send:Card played-14 2
Send:Card played-14 2
Receive:Card played-7 1-2 0
solve.play('Card played-7 1-2 0');
Current Stt:1
result.get(0)=:-1
Receive:Card played-12 3-3 0
solve.play('Card played-12 3-3 0');
Current Stt:1
result.get(0)=:-1
Receive:Card played-7 3-3 0-winpoint-2 2 3-2 0 3 1 0 2 1 3
solve.play('Card played-7 3-3 0-winpoint-2 2 3-2 0 3 1 0 2 1 3');
Current Stt:1
result.get(0)=:-1
Receive:Card played-13 1-1 0
solve.play('Card played-13 1-1 0');
Current Stt:3
result.get(0)=:-1
Receive:Card played-13 3-2 1
solve.play('Card played-13 3-2 1');
Current Stt:3
result.get(0)=:-1
Receive:Card played-9 1-3 1
solve.play('Card played-9 1-3 1');
Current Stt:3
result.get(0)=:0
Send:Card played-11 1
Send:Card played-11 1
Receive:Card played-3 3-3 1-winpoint-0 2 2-0 0 1 1 2 2 3 3
solve.play('Card played-3 3-3 1-winpoint-0 2 2-0 0 1 1 2 2 3 3');
Current Stt:3
result.get(0)=:0
Send:Card played-3 2
Send:Card played-3 2
Receive:Card played-6 2-1 1
solve.play('Card played-6 2-1 1');
Current Stt:3
result.get(0)=:-1
Receive:Card played-9 2-2 1
solve.play('Card played-9 2-2 1');
Current Stt:3
result.get(0)=:-1
Receive:Card played-7 2-3 1
solve.play('Card played-7 2-3 1');
Current Stt:3
result.get(0)=:0
Send:Card played-5 2
Send:Card played-5 2
Receive:Card played-14 2-3 1-None win points-3-3 0 0 1 1 2 2 3
solve.play('Card played-14 2-3 1-None win points-3-3 0 0 1 1 2 2 3');
Current Stt:3
result.get(0)=:0
Send:Card played-8 2
Send:Card played-8 2
Receive:Card played-11 1-1 1
solve.play('Card played-11 1-1 1');
Current Stt:0
result.get(0)=:-1
Receive:Card played-4 1-2 1
solve.play('Card played-4 1-2 1');
Current Stt:0
result.get(0)=:-1
Receive:Card played-2 0-3 1
solve.play('Card played-2 0-3 1');
Current Stt:0
result.get(0)=:-1
Receive:Card played-5 1-3 1-None win points-0-0 0 1 1 2 2 3 3
solve.play('Card played-5 1-3 1-None win points-0-0 0 1 1 2 2 3 3');
Current Stt:0
result.get(0)=:0
Send:Card played-8 0
Send:Card played-8 0
Receive:Card played-3 2-1 1
solve.play('Card played-3 2-1 1');
Current Stt:0
result.get(0)=:-1
Receive:Card played-4 2-2 1
solve.play('Card played-4 2-2 1');
Current Stt:0
result.get(0)=:-1
Receive:Card played-3 0-3 1
solve.play('Card played-3 0-3 1');
Current Stt:0
result.get(0)=:-1
Receive:Card played-6 1-3 1-None win points-1-1 0 2 1 3 2 0 3
solve.play('Card played-6 1-3 1-None win points-1-1 0 2 1 3 2 0 3');
Current Stt:0
result.get(0)=:-1
Receive:Card played-14 1-1 1
solve.play('Card played-14 1-1 1');
Current Stt:3
result.get(0)=:-1
Receive:Card played-5 0-2 1
solve.play('Card played-5 0-2 1');
Current Stt:3
result.get(0)=:-1
Receive:Card played-10 0-3 1
solve.play('Card played-10 0-3 1');
Current Stt:3
result.get(0)=:0
Send:Card played-12 2
Send:Card played-12 2
Receive:Card played-5 2-3 1-None win points-0-0 0 1 1 2 2 3 3
solve.play('Card played-5 2-3 1-None win points-0-0 0 1 1 2 2 3 3');
Current Stt:3
result.get(0)=:0
Send:Card played-11 2
Send:Card played-11 2
Receive:Card played-10 2-1 1
solve.play('Card played-10 2-1 1');
Current Stt:3
result.get(0)=:-1
Receive:Card played-5 3-2 1
solve.play('Card played-5 3-2 1');
Current Stt:3
result.get(0)=:-1
Receive:Card played-6 3-3 1
solve.play('Card played-6 3-3 1');
Current Stt:3
result.get(0)=:0
