-------------------------
Receive:Welcome to Heart games ! Please, input username:
Send:Username-NPC_1
Send:Username-NPC_1
Receive:NPC_1 2 0-should click 'ACCEPT' to start game
Send:Accept
Send:Accept
Receive:Waiting to devide card
Send:Devide card
Send:Devide card
Receive:Card3Cards-12 2 6 1 12 1 4 3 9 3 6 3 13 0 7 2 8 3 9 1 11 0 14 2 5 1-NPC_1 NPC_2 122333 2424
Send:SttPlay3Cards-13 0 14 2 12 2
Send:SttPlay3Cards-13 0 14 2 12 2
Receive:STTPlay-2-Exchange card-14 0 10 0 7 0
Starter Stt:2
Receive:Card played-2 1-1 0
solve.play('Card played-2 1-1 0');
Current Stt:2
result.get(0)=:-1
Receive:Card played-3 1-2 0
solve.play('Card played-3 1-2 0');
Current Stt:2
result.get(0)=:0
Send:Card played-14 0
Send:Card played-14 0
Receive:Card played-14 0-3 0
solve.play('Card played-14 0-3 0');
Current Stt:2
result.get(0)=:-1
Receive:Card played-13 0-3 0-None win points-1-1 0 2 1 3 2 0 3
solve.play('Card played-13 0-3 0-None win points-1-1 0 2 1 3 2 0 3');
Current Stt:2
result.get(0)=:-1
Receive:Card played-4 0-1 0
solve.play('Card played-4 0-1 0');
Current Stt:1
result.get(0)=:0
Send:Card played-11 0
Send:Card played-11 0
Receive:Card played-11 0-2 0
solve.play('Card played-11 0-2 0');
Current Stt:1
result.get(0)=:-1
Receive:Card played-2 2-3 0
solve.play('Card played-2 2-3 0');
Current Stt:1
result.get(0)=:-1
Receive:Card played-12 0-3 0-winpoint-3 2 13-3 0 0 1 1 2 2 3
solve.play('Card played-12 0-3 0-winpoint-3 2 13-3 0 0 1 1 2 2 3');
Current Stt:1
result.get(0)=:-1
Receive:Card played-8 1-1 0
solve.play('Card played-8 1-1 0');
Current Stt:2
result.get(0)=:-1
Receive:Card played-10 1-2 0
solve.play('Card played-10 1-2 0');
Current Stt:2
result.get(0)=:0
Send:Card played-12 1
Send:Card played-12 1
Receive:Card played-12 1-3 0
solve.play('Card played-12 1-3 0');
Current Stt:2
result.get(0)=:-1
Receive:Card played-9 0-3 0-None win points-2-2 0 3 1 0 2 1 3
solve.play('Card played-9 0-3 0-None win points-2-2 0 3 1 0 2 1 3');
Current Stt:2
result.get(0)=:0
Send:Card played-4 3
Send:Card played-4 3
Receive:Card played-4 3-1 0
solve.play('Card played-4 3-1 0');
Current Stt:0
result.get(0)=:-1
Receive:Card played-7 1-2 0
solve.play('Card played-7 1-2 0');
Current Stt:0
result.get(0)=:-1
Receive:Card played-12 3-3 0
solve.play('Card played-12 3-3 0');
Current Stt:0
result.get(0)=:-1
Receive:Card played-7 3-3 0-winpoint-2 2 3-2 0 3 1 0 2 1 3
solve.play('Card played-7 3-3 0-winpoint-2 2 3-2 0 3 1 0 2 1 3');
Current Stt:0
result.get(0)=:-1
Receive:Card played-13 1-1 0
solve.play('Card played-13 1-1 0');
Current Stt:2
result.get(0)=:-1
Receive:Card played-13 3-2 1
solve.play('Card played-13 3-2 1');
Current Stt:2
result.get(0)=:0
Send:Card played-9 1
Send:Card played-9 1
Receive:Card played-9 1-3 1
solve.play('Card played-9 1-3 1');
Current Stt:2
result.get(0)=:-1
Receive:Card played-3 3-3 1-winpoint-0 2 2-0 0 1 1 2 2 3 3
solve.play('Card played-3 3-3 1-winpoint-0 2 2-0 0 1 1 2 2 3 3');
Current Stt:2
result.get(0)=:-1
Receive:Card played-6 2-1 1
solve.play('Card played-6 2-1 1');
Current Stt:2
result.get(0)=:-1
Receive:Card played-9 2-2 1
solve.play('Card played-9 2-2 1');
Current Stt:2
result.get(0)=:0
Send:Card played-7 2
Send:Card played-7 2
Receive:Card played-7 2-3 1
solve.play('Card played-7 2-3 1');
Current Stt:2
result.get(0)=:-1
Receive:Card played-14 2-3 1-None win points-3-3 0 0 1 1 2 2 3
solve.play('Card played-14 2-3 1-None win points-3-3 0 0 1 1 2 2 3');
Current Stt:2
result.get(0)=:-1
Receive:Card played-11 1-1 1
solve.play('Card played-11 1-1 1');
Current Stt:3
result.get(0)=:-1
Receive:Card played-4 1-2 1
solve.play('Card played-4 1-2 1');
Current Stt:3
result.get(0)=:-1
Receive:Card played-2 0-3 1
solve.play('Card played-2 0-3 1');
Current Stt:3
result.get(0)=:0
Send:Card played-5 1
Send:Card played-5 1
Receive:Card played-5 1-3 1-None win points-0-0 0 1 1 2 2 3 3
solve.play('Card played-5 1-3 1-None win points-0-0 0 1 1 2 2 3 3');
Current Stt:3
result.get(0)=:0
Send:Card played-6 1
Send:Card played-6 1
Receive:Card played-3 2-1 1
solve.play('Card played-3 2-1 1');
Current Stt:3
result.get(0)=:-1
Receive:Card played-4 2-2 1
solve.play('Card played-4 2-2 1');
Current Stt:3
result.get(0)=:-1
Receive:Card played-3 0-3 1
solve.play('Card played-3 0-3 1');
Current Stt:3
result.get(0)=:0
Send:Card played-10 0
Send:Card played-10 0
Receive:Card played-6 1-3 1-None win points-1-1 0 2 1 3 2 0 3
solve.play('Card played-6 1-3 1-None win points-1-1 0 2 1 3 2 0 3');
Current Stt:3
result.get(0)=:0
Send:Card played-6 3
Send:Card played-6 3
Receive:Card played-14 1-1 1
solve.play('Card played-14 1-1 1');
Current Stt:2
result.get(0)=:-1
Receive:Card played-5 0-2 1
solve.play('Card played-5 0-2 1');
Current Stt:2
result.get(0)=:0
Send:Card played-8 3
Send:Card played-8 3
Receive:Card played-10 0-3 1
solve.play('Card played-10 0-3 1');
Current Stt:2
result.get(0)=:-1
Receive:Card played-5 2-3 1-None win points-0-0 0 1 1 2 2 3 3
solve.play('Card played-5 2-3 1-None win points-0-0 0 1 1 2 2 3 3');
Current Stt:2
result.get(0)=:-1
Receive:Card played-10 2-1 1
solve.play('Card played-10 2-1 1');
Current Stt:2
result.get(0)=:-1
Receive:Card played-5 3-2 1
solve.play('Card played-5 3-2 1');
Current Stt:2
result.get(0)=:0
Send:Card played-9 3
Send:Card played-9 3
Receive:Card played-6 3-3 1
solve.play('Card played-6 3-3 1');
Current Stt:2
result.get(0)=:-1
Receive:Card played-8 2-3 1-winpoint-0 2 2-0 0 1 1 2 2 3 3
solve.play('Card played-8 2-3 1-winpoint-0 2 2-0 0 1 1 2 2 3 3');
Current Stt:2
result.get(0)=:-1
Receive:Card played-13 2-1 1
solve.play('Card played-13 2-1 1');
Current Stt:2
result.get(0)=:-1
Receive:Card played-6 0-2 1
solve.play('Card played-6 0-2 1');
Current Stt:2
result.get(0)=:0
Send:Card played-7 0
Send:Card played-7 0
Receive:Card played-8 3-3 1
solve.play('Card played-8 3-3 1');
Current Stt:2
result.get(0)=:-1
Receive:Card played-8 0-3 1-winpoint-0 2 1-0 0 1 1 2 2 3 3
solve.play('Card played-8 0-3 1-winpoint-0 2 1-0 0 1 1 2 2 3 3');
Current Stt:2
result.get(0)=:-1
Receive:Card played-11 3-1 1
solve.play('Card played-11 3-1 1');
Current Stt:2
result.get(0)=:-1
Receive:Card played-2 3-2 1
solve.play('Card played-2 3-2 1');
Current Stt:2
result.get(0)=:0
