Server send:Welcome to Heart games ! Please, input username:
Server receive:Username-NPC_4
Server send:NPC_4 1 0-should click 'ACCEPT' to start game
Server receive:Accept
Server send:Waiting to devide card
Server receive:Devide card
Server send:Card3Cards-11 2 11 3 11 1 5 0 10 0 6 2 12 1 10 2 6 3 11 0 2 3 3 0 7 3-NPC_2 NPC_3 NPC_1 NPC_4
Server receive:SttPlay3Cards-12 1 11 3 11 2
Server send:STTPlay-3-Exchange card-13 0 14 2 13 2
Server send:Card played-2 1-1 0
Server send:Card played-14 1-2 0
Server send:Card played-12 1-3 0
Server receive:Card played-11 1
Server send:Card played-11 1-3 0-None win points-1-1 0 2 1 3 2 0 3
Server send:Card played-3 2-1 0
Server send:Card played-2 2-2 0
Server receive:Card played-2 3
Server send:Card played-2 3-3 1
Server send:Card played-2 0-3 1-winpoint-0 0 1-0 0 1 1 2 2 3 3
Server send:Card played-14 0-1 1
