Server send:Welcome to Heart games ! Please, input username:
Server receive:Username-@NPC_2
Server send:@NPC_2 19 3-should click 'ACCEPT' to start game
Server receive:Accept
Server send:Waiting to devide card
Server receive:Devide card
Server send:Card3Cards-3 2 12 3 7 2 8 1 5 3 6 1 13 1 4 1 9 0 10 3 8 3 9 1 2 2-@NPC_1 @NPC_2 trung quang
Server receive:SttPlay3Cards-12 3 10 3 8 3
Server send:STTPlay-2-Exchange card-3 0 5 0 7 0
Server send:Card played-2 1-1 0
Server send:Card played-14 2-2 0
Server receive:Card played-13 1
Server send:Card played-13 1-3 0
Server send:Card played-3 1-3 0-None win points-2-2 0 3 1 0 2 1 3
Server receive:Card played-3 2
Server send:Card played-3 2-1 0
Server send:Card played-5 2-2 0
Server send:Card played-11 2-3 0
Server send:Card played-10 2-3 0-None win points-2-2 0 3 1 0 2 1 3
Server send:Card played-10 1-1 0
Server send:Card played-12 3-2 1
Server receive:Card played-9 1
Server send:Card played-9 1-3 1
Server send:Card played-5 1-3 1-winpoint-0 3 1-0 0 1 1 2 2 3 3
Server send:Card played-11 1-1 1
Server send:Card played-10 3-2 1
Server receive:Card played-8 1
Server send:Card played-8 1-3 1
Server send:Card played-7 1-3 1-winpoint-0 3 1-0 0 1 1 2 2 3 3
Server send:Card played-2 3-1 1
Server send:Card played-8 3-2 1
Server receive:Card played-10 3
Server send:Card played-10 3-3 1
Server send:Card played-6 3-3 1-winpoint-2 1 4-2 0 3 1 0 2 1 3
Server receive:Card played-5 3
Server send:Card played-5 3-1 1
Server send:Card played-7 3-2 1
Server send:Card played-3 3-3 1
Server send:Card played-4 3-3 1-winpoint-1 2 4-1 0 2 1 3 2 0 3
Server send:Card played-2 0-1 1
Server send:Card played-14 0-2 1
Server send:Card played-13 0-3 1
Server receive:Card played-9 0
Server send:Card played-9 0-3 1-None win points-1-1 0 2 1 3 2 0 3
Server send:Card played-12 2-1 1
Server send:Card played-8 2-2 1
Server receive:Card played-2 2
Server send:Card played-2 2-3 1
Server send:Card played-9 2-3 1-None win points-0-0 0 1 1 2 2 3 3
Server send:Card played-4 3-1 1
Server send:Card played-6 2-2 1
Server receive:Card played-6 1
Server send:Card played-6 1-3 1
Server send:Card played-9 3-3 1-winpoint-3 2 2-3 0 0 1 1 2 2 3
Server send:Card played-10 0-1 1
Server send:Card played-12 0-2 1
Server send:Card played-8 0-3 1
Server receive:Card played-7 0
Server send:Card played-7 0-3 1-winpoint-1 3 13-1 0 2 1 3 2 0 3
Server send:Card played-11 3-1 1
Server send:Card played-4 2-2 1
Server receive:Card played-4 1
Server send:Card played-4 1-3 1
Server send:Card played-11 0-3 1-winpoint-0 3 1-0 0 1 1 2 2 3 3
Server send:Card played-13 3-1 1
Server send:Card played-6 0-2 1
Server receive:Card played-5 0
Server send:Card played-5 0-3 1
Server send:Card played-12 1-3 1-winpoint-0 3 1-0 0 1 1 2 2 3 3
Server send:Card played-14 3-1 1
Server send:Card played-4 0-2 1
Server receive:Card played-3 0
Server send:Card played-3 0-3 1
Server send:Card played-14 1-3 1-winpoint-0 3 1-0 0 1 1 2 2 3 3 wingame 0 end
Server receive:Accept
Server send:Waiting to devide card
Server receive:Devide card
Server send:Card3Cards-14 1 5 2 10 1 14 0 7 2 4 0 13 3 7 1 6 1 8 1 3 0 12 1 12 2-@NPC_1 @NPC_2 trung quang
Server receive:SttPlay3Cards-13 3 12 2 7 2
Server send:STTPlay-1-Exchange card-11 3 3 3 13 2
Server send:Card played-2 1-1 0
Server receive:Card played-12 1
Server send:Card played-12 1-2 0
Server send:Card played-6 2-3 0
Server send:Card played-4 1-3 0-None win points-1-1 0 2 1 3 2 0 3
Server receive:Card played-13 2
Server send:Card played-13 2-1 0
Server send:Card played-7 2-2 0
Server send:Card played-4 2-3 0
Server send:Card played-10 2-3 0-None win points-0-0 0 1 1 2 2 3 3
Server receive:Card played-12 2
Server send:Card played-12 2-1 0
Server send:Card played-12 2-2 0
Server send:Card played-9 2-3 0
Server send:Card played-3 3-3 1-winpoint-0 1 1-0 0 1 1 2 2 3 3
Server receive:Card played-11 3
Server send:Card played-11 3-1 1
Server send:Card played-5 3-2 1
Server send:Card played-6 3-3 1
Server send:Card played-11 1-3 1-winpoint-0 1 3-0 0 1 1 2 2 3 3
Server receive:Card played-3 3
Server send:Card played-3 3-1 1
Server send:Card played-4 3-2 1
Server send:Card played-7 3-3 1
Server send:Card played-5 1-3 1-winpoint-2 3 3-2 0 3 1 0 2 1 3
Server send:Card played-9 0-1 1
Server send:Card played-13 0-2 1
Server receive:Card played-14 0
Server send:Card played-14 0-3 1
Server send:Card played-8 3-3 1-winpoint-2 1 1-2 0 3 1 0 2 1 3
Server receive:Card played-5 2
Server send:Card played-5 2-1 1
Server send:Card played-14 2-2 1
Server send:Card played-3 2-3 1
Server send:Card played-3 1-3 1-None win points-1-1 0 2 1 3 2 0 3
Server send:Card played-2 3-1 1
Server send:Card played-9 1-2 1
Server send:Card played-11 0-3 1
Server receive:Card played-10 1
Server send:Card played-10 1-3 1-winpoint-0 2 1-0 0 1 1 2 2 3 3
Server send:Card played-9 3-1 1
Server send:Card played-13 1-2 1
Server send:Card played-10 0-3 1
Server receive:Card played-8 1
Server send:Card played-8 1-3 1-winpoint-0 2 1-0 0 1 1 2 2 3 3
Server send:Card played-10 3-1 1
Server send:Card played-8 2-2 1
Server send:Card played-8 0-3 1
Server receive:Card played-7 1
Server send:Card played-7 1-3 1-winpoint-0 2 1-0 0 1 1 2 2 3 3
Server send:Card played-12 3-1 1
Server send:Card played-2 0-2 1
Server send:Card played-7 0-3 1
Server receive:Card played-6 1
Server send:Card played-6 1-3 1-winpoint-0 2 1-0 0 1 1 2 2 3 3
Server send:Card played-14 3-1 1
Server send:Card played-11 2-2 1
Server send:Card played-6 0-3 1
Server receive:Card played-4 0
Server send:Card played-4 0-3 1-winpoint-0 2 1-0 0 1 1 2 2 3 3
Server send:Card played-13 3-1 1
Server send:Card played-12 0-2 1
Server send:Card played-5 0-3 1
Server receive:Card played-3 0-end
Server send:Card played-3 0-3 1-winpoint-0 2 14-0 0 1 1 2 2 3 3 wingame 0 end
Server receive:Accept
Server send:Waiting to devide card
Server receive:Devide card
Server send:Card3Cards-7 2 9 0 6 1 12 1 3 3 5 2 10 3 11 0 11 3 10 0 4 0 13 1 8 2-@NPC_1 @NPC_2 trung quang
Server send:Disconnect
