Server send:Welcome to Heart games ! Please, input username:
Server receive:Username-@NPC_4
Server send:@NPC_4 2 1-should click 'ACCEPT' to start game
Server receive:Accept
Server send:Waiting to devide card
Server receive:Devide card
Server send:Card3Cards-11 1 4 0 2 1 3 3 7 1 9 2 12 2 14 3 4 3 2 3 7 3 12 0 9 1-@NPC_1 @NPC_4 @NPC_2 @NPC_3
Server receive:SttPlay3Cards-14 3 7 3 4 3
Server send:STTPlay-0-Exchange card-14 2 11 2 8 2-start
Server receive:Card played-2 1
Server send:Card played-2 1-1 0
Server send:Card played-8 1-2 0
Server send:Card played-14 1-3 0
Server send:Card played-4 1-3 0-None win points-2-2 0 3 1 0 2 1 3
Server send:Card played-6 2-1 0
Server send:Card played-10 2-2 0
Server receive:Card played-14 2
Server send:Card played-14 2-3 0
Server send:Card played-13 2-3 0-None win points-2-2 0 3 1 0 2 1 3
Server receive:Card played-12 2
Server send:Card played-12 2-1 0
Server send:Card played-11 2-2 0
Server send:Card played-13 3-3 1
Server send:Card played-7 2-3 1-winpoint-0 1 1-0 0 1 1 2 2 3 3
Server receive:Card played-7 3
Server send:Card played-7 3-1 1
Server send:Card played-11 3-2 1
Server send:Card played-12 3-3 1
Server send:Card played-14 3-3 1-winpoint-3 3 4-3 0 0 1 1 2 2 3
Server send:Card played-12 3-1 1
Server receive:Card played-3 3
Server send:Card played-3 3-2 1
Server send:Card played-6 3-3 1
Server send:Card played-10 3-3 1-winpoint-0 3 4-0 0 1 1 2 2 3 3
