-------------------------
Receive:Welcome to Heart games ! Please, input username:
Send:Username-NPC_4
Send:Username-NPC_4
Receive:NPC_4 1 0-should click 'ACCEPT' to start game
Send:Accept
Send:Accept
Receive:Waiting to devide card
Send:Devide card
Send:Devide card
Receive:Card3Cards-11 2 11 3 11 1 5 0 10 0 6 2 12 1 10 2 6 3 11 0 2 3 3 0 7 3-NPC_2 NPC_3 NPC_1 NPC_4
Send:SttPlay3Cards-12 1 11 3 11 2
Send:SttPlay3Cards-12 1 11 3 11 2
Receive:STTPlay-3-Exchange card-13 0 14 2 13 2
Receive:Card played-2 1-1 0
Receive:Card played-14 1-2 0
Receive:Card played-12 1-3 0
Send:Card played-11 1
Send:Card played-11 1
Receive:Card played-11 1-3 0-None win points-1-1 0 2 1 3 2 0 3
Send:Card played-2 3
Send:Card played-2 3
Receive:Card played-3 2-1 0
Receive:Card played-2 2-2 0
Send:Card played-14 2
Send:Card played-14 2
Receive:Card played-2 3-3 1
Receive:Card played-2 0-3 1-winpoint-0 0 1-0 0 1 1 2 2 3 3
Send:Card played-13 0
Send:Card played-13 0
Receive:Card played-14 0-1 1
