Server send:Welcome to Heart games ! Please, input username:
Server receive:Username-@NPC_4
Server send:@NPC_4 2 1-should click 'ACCEPT' to start game
Server receive:Accept
Server send:Waiting to devide card
Server receive:Devide card
Server send:Card3Cards-2 3 2 0 12 3 9 3 3 1 5 2 3 3 8 1 9 2 3 0 11 2 8 2 13 3-@NPC_1 @NPC_3 @NPC_2 @NPC_4
Server receive:SttPlay3Cards-13 3 12 3 9 3
Server send:STTPlay-2-Exchange card-10 3 7 3 14 2
Server send:Card played-2 1-1 0
Server send:Card played-10 1-2 0
Server receive:Card played-8 1
Server send:Card played-8 1-3 0
Server send:Card played-14 1-3 0-None win points-3-3 0 0 1 1 2 2 3
Server send:Card played-10 2-1 0
Server send:Card played-12 2-2 0
Server send:Card played-13 2-3 0
Server receive:Card played-14 2
Server send:Card played-14 2-3 0-None win points-3-3 0 0 1 1 2 2 3
Server receive:Card played-11 2
Server send:Card played-11 2-1 0
Server send:Card played-7 2-2 0
Server send:Card played-6 2-3 0
Server send:Card played-4 2-3 0-None win points-0-0 0 1 1 2 2 3 3
Server receive:Card played-9 2
Server send:Card played-9 2-1 0
Server send:Card played-11 3-2 1
Server send:Card played-2 2-3 1
Server send:Card played-3 2-3 1-winpoint-0 3 1-0 0 1 1 2 2 3 3
