Server send:Welcome to Heart games ! Please, input username:
Server receive:Username-@NPC_0
Server send:@NPC_0 1 0-should click 'ACCEPT' to start game
Server receive:Accept
Server send:Waiting to devide card
Server receive:Devide card
Server send:Card3Cards-2 1 3 2 4 2 8 1 6 2 5 3 13 3 4 0 11 2 9 3 3 3 6 3 14 3-@NPC_0 @NPC_1 trung quang
Server receive:SttPlay3Cards-14 3 13 3 9 3
Server send:STTPlay-0-Exchange card-4 3 12 2 9 2-start
Server receive:Card played-2 1
Server send:Card played-2 1-1 0
Server send:Card played-13 1-2 0
Server send:Card played-9 1-3 0
Server send:Card played-3 1-3 0-None win points-1-1 0 2 1 3 2 0 3
Server send:Card played-12 2-1 0
Server send:Card played-2 2-2 0
Server send:Card played-10 2-3 0
Server receive:Card played-12 2
Server send:Card played-12 2-3 0-None win points-0-0 0 1 1 2 2 3 3
Server send:Card played-7 2-1 0
Server send:Card played-8 2-2 0
Server send:Card played-13 2-3 0
Server receive:Card played-11 2
Server send:Card played-11 2-3 0-None win points-2-2 0 3 1 0 2 1 3
Server send:Card played-5 1-1 0
Server receive:Card played-8 1
Server send:Card played-8 1-2 0
Server send:Card played-12 1-3 0
Server send:Card played-11 1-3 0-None win points-2-2 0 3 1 0 2 1 3
Server send:Card played-7 1-1 0
Server send:Card played-14 1-2 0
Server send:Card played-10 1-3 0
Server receive:Card played-13 3
Server send:Card played-13 3-3 1-winpoint-1 2 1-1 0 2 1 3 2 0 3
Server send:Card played-5 0-1 1
Server send:Card played-11 0-2 1
Server receive:Card played-4 0
Server send:Card played-4 0-3 1
Server send:Card played-13 0-3 1-None win points-3-3 0 0 1 1 2 2 3
Server send:Card played-6 1-1 1
Server send:Card played-7 0-2 1
Server send:Card played-7 3-3 1
Server receive:Card played-6 3
Server send:Card played-6 3-3 1-winpoint-0 1 2-0 0 1 1 2 2 3 3
Server send:Card played-4 1-1 1
Server send:Card played-8 0-2 1
Server send:Card played-9 3-3 1
Server receive:Card played-4 3
Server send:Card played-4 3-3 1-winpoint-0 1 2-0 0 1 1 2 2 3 3
Server send:Card played-10 0-1 1
Server send:Card played-14 0-2 1
Server send:Card played-12 0-3 1
Server receive:Card played-3 3
Server send:Card played-3 3-3 1-winpoint-1 2 14-1 0 2 1 3 2 0 3
Server send:Card played-14 2-1 1
Server send:Card played-10 3-2 1
Server receive:Card played-9 2
Server send:Card played-9 2-3 1
Server send:Card played-9 0-3 1-winpoint-0 2 1-0 0 1 1 2 2 3 3
Server send:Card played-2 3-1 1
Server send:Card played-12 3-2 1
Server receive:Card played-6 2
Server send:Card played-6 2-3 1
Server send:Card played-6 0-3 1-winpoint-1 3 2-1 0 2 1 3 2 0 3
Server send:Card played-13 3-1 1
Server receive:Card played-4 2
Server send:Card played-4 2-2 1
Server send:Card played-3 0-3 1
Server send:Card played-8 3-3 1-winpoint-0 3 2-0 0 1 1 2 2 3 3
Server send:Card played-14 3-1 1
Server receive:Card played-3 2
Server send:Card played-3 2-2 1
Server send:Card played-2 0-3 1
Server send:Card played-11 3-3 1-winpoint-0 3 2-0 0 1 1 2 2 3 3 wingame 0 end
