Server send:Welcome to Heart games ! Please, input username:
Server receive:Username-@NPC_1
Server send:@NPC_1 49 21-should click 'ACCEPT' to start game
Server receive:Accept
Server send:Waiting to devide card
Server receive:Devide card
Server send:Card3Cards-11 2 7 1 9 0 12 0 14 1 2 0 2 3 11 3 12 3 14 2 8 1 5 1 8 3-@NPC_2 @NPC_1 trung quang
Server receive:SttPlay3Cards-12 0 14 2 14 1
Server send:STTPlay-3-Exchange card-13 2 12 1 10 0
Server send:Card played-2 1-1 0
Server send:Card played-11 1-2 0
Server send:Card played-3 1-3 0
Server receive:Card played-5 1
Server send:Card played-5 1-3 0-None win points-1-1 0 2 1 3 2 0 3
Server send:Card played-6 0-1 0
Server send:Card played-12 0-2 0
Server receive:Card played-10 0
Server send:Card played-10 0-3 0
Server send:Card played-4 0-3 0-winpoint-1 2 13-1 0 2 1 3 2 0 3
Server send:Card played-14 1-1 0
Server receive:Card played-12 1
Server send:Card played-12 1-2 0
Server send:Card played-9 1-3 0
Server send:Card played-10 1-3 0-None win points-0-0 0 1 1 2 2 3 3
Server send:Card played-9 2-1 0
Server receive:Card played-13 2
Server send:Card played-13 2-2 0
Server send:Card played-8 2-3 0
Server send:Card played-4 2-3 0-None win points-1-1 0 2 1 3 2 0 3
Server receive:Card played-2 3
Server send:Card played-2 3-1 0
Server send:Card played-3 3-2 0
Server send:Card played-6 3-3 0
Server send:Card played-4 3-3 0-winpoint-2 3 4-2 0 3 1 0 2 1 3
Server send:Card played-3 0-1 0
Server send:Card played-13 0-2 0
Server receive:Card played-9 0
Server send:Card played-9 0-3 0
Server send:Card played-5 0-3 0-None win points-1-1 0 2 1 3 2 0 3
Server send:Card played-11 0-1 0
Server receive:Card played-2 0
Server send:Card played-2 0-2 0
Server send:Card played-8 0-3 0
Server send:Card played-7 0-3 0-None win points-0-0 0 1 1 2 2 3 3
Server send:Card played-13 1-1 0
Server receive:Card played-8 1
Server send:Card played-8 1-2 0
Server send:Card played-6 1-3 0
Server send:Card played-3 2-3 0-None win points-0-0 0 1 1 2 2 3 3
Server send:Card played-10 2-1 0
Server receive:Card played-11 2
Server send:Card played-11 2-2 0
Server send:Card played-7 2-3 0
Server send:Card played-7 3-3 1-winpoint-1 1 1-1 0 2 1 3 2 0 3
Server receive:Card played-12 3
Server send:Card played-12 3-1 1
Server send:Card played-6 2-2 1
Server send:Card played-9 3-3 1
Server send:Card played-5 3-3 1-winpoint-0 1 3-0 0 1 1 2 2 3 3
Server receive:Card played-11 3
Server send:Card played-11 3-1 1
Server send:Card played-5 2-2 1
Server send:Card played-10 3-3 1
Server send:Card played-14 0-3 1-winpoint-0 1 2-0 0 1 1 2 2 3 3
Server receive:Card played-8 3
Server send:Card played-8 3-1 1
Server send:Card played-4 1-2 1
Server send:Card played-13 3-3 1
Server send:Card played-12 2-3 1-winpoint-2 3 2-2 0 3 1 0 2 1 3
Server send:Card played-14 3-1 1
Server send:Card played-14 2-2 1
Server receive:Card played-7 1
Server send:Card played-7 1-3 1
Server send:Card played-2 2-3 1-winpoint-0 3 1-0 0 1 1 2 2 3 3 wingame 0 end
Server send:Disconnect
